<?xml version="1.0" encoding="UTF-8"?>
<!-- Generated by org.testng.reporters.JUnitReportReporter -->
<testsuite hostname="DESKTOP-0FOOI6C" failures="0" tests="1" name="rahulshettyacademy.ExtentReportDemo" time="20.539" errors="0" timestamp="2021-03-27T12:32:37 IST" skipped="0">
  <testcase classname="rahulshettyacademy.ExtentReportDemo" name="intitialDemo" time="20.539"/>
  <system-out/>
</testsuite> <!-- rahulshettyacademy.ExtentReportDemo -->
